<?xml version="1.0" encoding="UTF-8"?>
<testsuite xmlns:xsi="http://www.w3.org/2001/XMLSchema-instance" xsi:noNamespaceSchemaLocation="https://maven.apache.org/surefire/maven-surefire-plugin/xsd/surefire-test-report-3.0.xsd" version="3.0" name="com.futurex.services.FutureXCourseApp.FutureXCourseAppApplicationTests" time="7.224" tests="1" errors="0" skipped="0" failures="0">
  <properties>
[...]
</properties>
  <testcase name="contextLoads" classname="com.futurex.services.FutureXCourseApp.FutureXCourseAppApplicationTests" time="0.598">
    <system-out><![CDATA[21:03:08.381 [main] INFO org.springframework.test.context.support.AnnotationConfigContextLoaderUtils -- Could not detect default configuration classes for test class [com.futurex.services.FutureXCourseApp.FutureXCourseAppApplicationTests]: FutureXCourseAppApplicationTests does not declare any static, non-private, non-final, nested classes annotated with @Configuration.
21:03:08.516 [main] INFO org.springframework.boot.test.context.SpringBootTestContextBootstrapper -- Found @SpringBootConfiguration com.futurex.services.FutureXCourseApp.FutureXCourseAppApplication for test class com.futurex.services.FutureXCourseApp.FutureXCourseAppApplicationTests

  .   ____          _            __ _ _
 /\\ / ___'_ __ _ _(_)_ __  __ _ \ \ \ \
( ( )\___ | '_ | '_| | '_ \/ _` | \ \ \ \
 \\/  ___)| |_)| | | | | || (_| |  ) ) ) )
  '  |____| .__|_| |_|_| |_\__, | / / / /
 =========|_|==============|___/=/_/_/_/

 :: Spring Boot ::                (v3.3.3)

2024-10-07T21:03:09.065-05:00  INFO 55340 --- [fx-course-service] [           main] c.f.s.F.FutureXCourseAppApplicationTests : Starting FutureXCourseAppApplicationTests using Java 17.0.12 with PID 55340 (started by sas1 in /home/sas1/Downloads/FutureX-microservice-master/CourseApp)
2024-10-07T21:03:09.068-05:00  INFO 55340 --- [fx-course-service] [           main] c.f.s.F.FutureXCourseAppApplicationTests : No active profile set, falling back to 1 default profile: "default"
2024-10-07T21:03:09.869-05:00  INFO 55340 --- [fx-course-service] [           main] .s.d.r.c.RepositoryConfigurationDelegate : Bootstrapping Spring Data JPA repositories in DEFAULT mode.
2024-10-07T21:03:09.963-05:00  INFO 55340 --- [fx-course-service] [           main] .s.d.r.c.RepositoryConfigurationDelegate : Finished Spring Data repository scanning in 85 ms. Found 1 JPA repository interface.
2024-10-07T21:03:10.962-05:00  INFO 55340 --- [fx-course-service] [           main] o.hibernate.jpa.internal.util.LogHelper  : HHH000204: Processing PersistenceUnitInfo [name: default]
2024-10-07T21:03:11.049-05:00  INFO 55340 --- [fx-course-service] [           main] org.hibernate.Version                    : HHH000412: Hibernate ORM core version 6.5.2.Final
2024-10-07T21:03:11.111-05:00  INFO 55340 --- [fx-course-service] [           main] o.h.c.internal.RegionFactoryInitiator    : HHH000026: Second-level cache disabled
2024-10-07T21:03:11.475-05:00  INFO 55340 --- [fx-course-service] [           main] o.s.o.j.p.SpringPersistenceUnitInfo      : No LoadTimeWeaver setup: ignoring JPA class transformer
2024-10-07T21:03:11.515-05:00  INFO 55340 --- [fx-course-service] [           main] com.zaxxer.hikari.HikariDataSource       : HikariPool-1 - Starting...
2024-10-07T21:03:11.889-05:00  INFO 55340 --- [fx-course-service] [           main] com.zaxxer.hikari.pool.HikariPool        : HikariPool-1 - Added connection com.mysql.cj.jdbc.ConnectionImpl@24e2355c
2024-10-07T21:03:11.891-05:00  INFO 55340 --- [fx-course-service] [           main] com.zaxxer.hikari.HikariDataSource       : HikariPool-1 - Start completed.
2024-10-07T21:03:11.953-05:00  WARN 55340 --- [fx-course-service] [           main] org.hibernate.orm.deprecation            : HHH90000025: MySQL8Dialect does not need to be specified explicitly using 'hibernate.dialect' (remove the property setting and it will be selected by default)
2024-10-07T21:03:11.955-05:00  WARN 55340 --- [fx-course-service] [           main] org.hibernate.orm.deprecation            : HHH90000026: MySQL8Dialect has been deprecated; use org.hibernate.dialect.MySQLDialect instead
2024-10-07T21:03:12.938-05:00  INFO 55340 --- [fx-course-service] [           main] o.h.e.t.j.p.i.JtaPlatformInitiator       : HHH000489: No JTA platform available (set 'hibernate.transaction.jta.platform' to enable JTA platform integration)
Hibernate: create table course (courseid decimal(38,0) not null, author varchar(255), coursename varchar(255), primary key (courseid)) engine=InnoDB
2024-10-07T21:03:13.023-05:00  INFO 55340 --- [fx-course-service] [           main] j.LocalContainerEntityManagerFactoryBean : Initialized JPA EntityManagerFactory for persistence unit 'default'
2024-10-07T21:03:13.772-05:00  WARN 55340 --- [fx-course-service] [           main] JpaBaseConfiguration$JpaWebConfiguration : spring.jpa.open-in-view is enabled by default. Therefore, database queries may be performed during view rendering. Explicitly configure spring.jpa.open-in-view to disable this warning
2024-10-07T21:03:14.647-05:00  INFO 55340 --- [fx-course-service] [           main] c.f.s.F.FutureXCourseAppApplicationTests : Started FutureXCourseAppApplicationTests in 5.905 seconds (process running for 7.027)
Hibernate: select c1_0.courseid,c1_0.author,c1_0.coursename from course c1_0 where c1_0.courseid=?
Hibernate: insert into course (author,coursename,courseid) values (?,?,?)
Hibernate: select c1_0.courseid,c1_0.author,c1_0.coursename from course c1_0 where c1_0.courseid=?
Hibernate: insert into course (author,coursename,courseid) values (?,?,?)
Hibernate: select c1_0.courseid,c1_0.author,c1_0.coursename from course c1_0 where c1_0.courseid=?
Hibernate: insert into course (author,coursename,courseid) values (?,?,?)
Sample courses loaded successfully.
]]></system-out>
  </testcase>
</testsuite>